<?xml version="1.0" encoding="UTF-8"?>
<testsuite name="com.codeing.code.CodeApplicationTests" tests="1" skipped="0" failures="0" errors="0" timestamp="2022-09-08T04:05:56" hostname="lswteenui-iMac.local" time="0.202">
  <properties/>
  <testcase name="contextLoads()" classname="com.codeing.code.CodeApplicationTests" time="0.202"/>
  <system-out><![CDATA[13:05:55.376 [Test worker] DEBUG org.springframework.test.context.BootstrapUtils - Instantiating CacheAwareContextLoaderDelegate from class [org.springframework.test.context.cache.DefaultCacheAwareContextLoaderDelegate]
13:05:55.380 [Test worker] DEBUG org.springframework.test.context.BootstrapUtils - Instantiating BootstrapContext using constructor [public org.springframework.test.context.support.DefaultBootstrapContext(java.lang.Class,org.springframework.test.context.CacheAwareContextLoaderDelegate)]
13:05:55.392 [Test worker] DEBUG org.springframework.test.context.BootstrapUtils - Instantiating TestContextBootstrapper for test class [com.codeing.code.CodeApplicationTests] from class [org.springframework.boot.test.context.SpringBootTestContextBootstrapper]
13:05:55.397 [Test worker] INFO org.springframework.boot.test.context.SpringBootTestContextBootstrapper - Neither @ContextConfiguration nor @ContextHierarchy found for test class [com.codeing.code.CodeApplicationTests], using SpringBootContextLoader
13:05:55.398 [Test worker] DEBUG org.springframework.test.context.support.AbstractContextLoader - Did not detect default resource location for test class [com.codeing.code.CodeApplicationTests]: class path resource [com/codeing/code/CodeApplicationTests-context.xml] does not exist
13:05:55.399 [Test worker] DEBUG org.springframework.test.context.support.AbstractContextLoader - Did not detect default resource location for test class [com.codeing.code.CodeApplicationTests]: class path resource [com/codeing/code/CodeApplicationTestsContext.groovy] does not exist
13:05:55.399 [Test worker] INFO org.springframework.test.context.support.AbstractContextLoader - Could not detect default resource locations for test class [com.codeing.code.CodeApplicationTests]: no resource found for suffixes {-context.xml, Context.groovy}.
13:05:55.399 [Test worker] INFO org.springframework.test.context.support.AnnotationConfigContextLoaderUtils - Could not detect default configuration classes for test class [com.codeing.code.CodeApplicationTests]: CodeApplicationTests does not declare any static, non-private, non-final, nested classes annotated with @Configuration.
13:05:55.415 [Test worker] DEBUG org.springframework.test.context.support.ActiveProfilesUtils - Could not find an 'annotation declaring class' for annotation type [org.springframework.test.context.ActiveProfiles] and class [com.codeing.code.CodeApplicationTests]
13:05:55.437 [Test worker] DEBUG org.springframework.context.annotation.ClassPathScanningCandidateComponentProvider - Identified candidate component class: file [/Users/lswteen/workspace/codeing/build/classes/java/main/com/codeing/code/CodeApplication.class]
13:05:55.438 [Test worker] INFO org.springframework.boot.test.context.SpringBootTestContextBootstrapper - Found @SpringBootConfiguration com.codeing.code.CodeApplication for test class com.codeing.code.CodeApplicationTests
13:05:55.476 [Test worker] DEBUG org.springframework.boot.test.context.SpringBootTestContextBootstrapper - @TestExecutionListeners is not present for class [com.codeing.code.CodeApplicationTests]: using defaults.
13:05:55.476 [Test worker] INFO org.springframework.boot.test.context.SpringBootTestContextBootstrapper - Loaded default TestExecutionListener class names from location [META-INF/spring.factories]: [org.springframework.boot.test.autoconfigure.restdocs.RestDocsTestExecutionListener, org.springframework.boot.test.autoconfigure.web.client.MockRestServiceServerResetTestExecutionListener, org.springframework.boot.test.autoconfigure.web.servlet.MockMvcPrintOnlyOnFailureTestExecutionListener, org.springframework.boot.test.autoconfigure.web.servlet.WebDriverTestExecutionListener, org.springframework.boot.test.autoconfigure.webservices.client.MockWebServiceServerTestExecutionListener, org.springframework.boot.test.mock.mockito.MockitoTestExecutionListener, org.springframework.boot.test.mock.mockito.ResetMocksTestExecutionListener, org.springframework.test.context.web.ServletTestExecutionListener, org.springframework.test.context.support.DirtiesContextBeforeModesTestExecutionListener, org.springframework.test.context.event.ApplicationEventsTestExecutionListener, org.springframework.test.context.support.DependencyInjectionTestExecutionListener, org.springframework.test.context.support.DirtiesContextTestExecutionListener, org.springframework.test.context.transaction.TransactionalTestExecutionListener, org.springframework.test.context.jdbc.SqlScriptsTestExecutionListener, org.springframework.test.context.event.EventPublishingTestExecutionListener]
13:05:55.481 [Test worker] DEBUG org.springframework.boot.test.context.SpringBootTestContextBootstrapper - Skipping candidate TestExecutionListener [org.springframework.test.context.transaction.TransactionalTestExecutionListener] due to a missing dependency. Specify custom listener classes or make the default listener classes and their required dependencies available. Offending class: [org/springframework/transaction/interceptor/TransactionAttributeSource]
13:05:55.481 [Test worker] DEBUG org.springframework.boot.test.context.SpringBootTestContextBootstrapper - Skipping candidate TestExecutionListener [org.springframework.test.context.jdbc.SqlScriptsTestExecutionListener] due to a missing dependency. Specify custom listener classes or make the default listener classes and their required dependencies available. Offending class: [org/springframework/transaction/interceptor/TransactionAttribute]
13:05:55.481 [Test worker] INFO org.springframework.boot.test.context.SpringBootTestContextBootstrapper - Using TestExecutionListeners: [org.springframework.test.context.web.ServletTestExecutionListener@649f2009, org.springframework.test.context.support.DirtiesContextBeforeModesTestExecutionListener@14bb2297, org.springframework.test.context.event.ApplicationEventsTestExecutionListener@69adf72c, org.springframework.boot.test.mock.mockito.MockitoTestExecutionListener@797501a, org.springframework.boot.test.autoconfigure.SpringBootDependencyInjectionTestExecutionListener@1a15b789, org.springframework.test.context.support.DirtiesContextTestExecutionListener@57f791c6, org.springframework.test.context.event.EventPublishingTestExecutionListener@51650883, org.springframework.boot.test.autoconfigure.restdocs.RestDocsTestExecutionListener@6c4f9535, org.springframework.boot.test.autoconfigure.web.client.MockRestServiceServerResetTestExecutionListener@5bd1ceca, org.springframework.boot.test.autoconfigure.web.servlet.MockMvcPrintOnlyOnFailureTestExecutionListener@30c31dd7, org.springframework.boot.test.autoconfigure.web.servlet.WebDriverTestExecutionListener@499b2a5c, org.springframework.boot.test.autoconfigure.webservices.client.MockWebServiceServerTestExecutionListener@596df867, org.springframework.boot.test.mock.mockito.ResetMocksTestExecutionListener@c1fca1e]
13:05:55.482 [Test worker] DEBUG org.springframework.test.context.support.AbstractDirtiesContextTestExecutionListener - Before test class: context [DefaultTestContext@6ab72419 testClass = CodeApplicationTests, testInstance = [null], testMethod = [null], testException = [null], mergedContextConfiguration = [WebMergedContextConfiguration@3aacf32a testClass = CodeApplicationTests, locations = '{}', classes = '{class com.codeing.code.CodeApplication}', contextInitializerClasses = '[]', activeProfiles = '{}', propertySourceLocations = '{}', propertySourceProperties = '{org.springframework.boot.test.context.SpringBootTestContextBootstrapper=true}', contextCustomizers = set[org.springframework.boot.test.autoconfigure.actuate.metrics.MetricsExportContextCustomizerFactory$DisableMetricExportContextCustomizer@6bea52d4, org.springframework.boot.test.autoconfigure.properties.PropertyMappingContextCustomizer@0, org.springframework.boot.test.autoconfigure.web.servlet.WebDriverContextCustomizerFactory$Customizer@a202ccb, org.springframework.boot.test.context.filter.ExcludeFilterContextCustomizer@3a3e4aff, org.springframework.boot.test.json.DuplicateJsonObjectContextCustomizerFactory$DuplicateJsonObjectContextCustomizer@78fbff54, org.springframework.boot.test.mock.mockito.MockitoContextCustomizer@0, org.springframework.boot.test.web.client.TestRestTemplateContextCustomizer@36f48b4, org.springframework.boot.test.context.SpringBootTestArgs@1, org.springframework.boot.test.context.SpringBootTestWebEnvironment@4b8729ff], resourceBasePath = 'src/main/webapp', contextLoader = 'org.springframework.boot.test.context.SpringBootContextLoader', parent = [null]], attributes = map['org.springframework.test.context.web.ServletTestExecutionListener.activateListener' -> true]], class annotated with @DirtiesContext [false] with mode [null].

  .   ____          _            __ _ _
 /\\ / ___'_ __ _ _(_)_ __  __ _ \ \ \ \
( ( )\___ | '_ | '_| | '_ \/ _` | \ \ \ \
 \\/  ___)| |_)| | | | | || (_| |  ) ) ) )
  '  |____| .__|_| |_|_| |_\__, | / / / /
 =========|_|==============|___/=/_/_/_/
 :: Spring Boot ::                (v2.7.3)

2022-09-08 13:05:55.745  INFO 65232 --- [    Test worker] com.codeing.code.CodeApplicationTests    : Starting CodeApplicationTests using Java 15.0.4 on lswteenui-iMac.local with PID 65232 (started by lswteen in /Users/lswteen/workspace/codeing)
2022-09-08 13:05:55.745  INFO 65232 --- [    Test worker] com.codeing.code.CodeApplicationTests    : No active profile set, falling back to 1 default profile: "default"
2022-09-08 13:05:56.291  INFO 65232 --- [    Test worker] com.codeing.code.CodeApplicationTests    : Started CodeApplicationTests in 0.793 seconds (JVM running for 1.31)
]]></system-out>
  <system-err><![CDATA[]]></system-err>
</testsuite>
